<?xml version="1.0" encoding="UTF-8"?>
<!-- Generated by org.testng.reporters.JUnitXMLReporter -->
<testsuite ignored="0" hostname="ARUNANGSHU" failures="0" tests="2" name="Test" time="43.542" errors="0" timestamp="2025-06-18T23:36:45 IST">
  <testcase classname="testCases.TC_009_VerificationofProductSearch" name="verify_productDetails" time="6.557"/>
  <testcase classname="testCases.TC_010_VerificationofSubscriptionInHomePage" name="verify_SubscriptioninHomePage" time="3.838"/>
</testsuite> <!-- Test -->
