<?xml version="1.0" encoding="UTF-8"?>
<!-- Generated by org.testng.reporters.JUnitXMLReporter -->
<testsuite ignored="0" hostname="ARUNANGSHU" failures="0" tests="2" name="Test" time="22.593" errors="0" timestamp="2025-06-18T23:47:14 IST">
  <testcase classname="testCases.TC_009_VerificationofProductSearch" name="verify_productDetails" time="6.472"/>
  <testcase classname="testCases.TC_010_VerificationofSubscriptionInHomePage" name="verify_SubscriptioninHomePage" time="3.359"/>
</testsuite> <!-- Test -->
