<?xml version="1.0" encoding="UTF-8"?>
<testng-results ignored="0" total="2" passed="2" failed="0" skipped="0">
  <reporter-output>
  </reporter-output>
  <suite started-at="2025-06-18T23:46:50 IST" name="Suite" finished-at="2025-06-18T23:47:12 IST" duration-ms="22593">
    <groups>
      <group name="Master">
        <method signature="TC_009_VerificationofProductSearch.verify_productDetails()[pri:0, instance:testCases.TC_009_VerificationofProductSearch@40db2a24]" name="verify_productDetails" class="testCases.TC_009_VerificationofProductSearch"/>
        <method signature="TC_010_VerificationofSubscriptionInHomePage.verify_SubscriptioninHomePage()[pri:0, instance:testCases.TC_010_VerificationofSubscriptionInHomePage@6bca7e0d]" name="verify_SubscriptioninHomePage" class="testCases.TC_010_VerificationofSubscriptionInHomePage"/>
      </group> <!-- Master -->
      <group name="Regression">
        <method signature="TC_009_VerificationofProductSearch.verify_productDetails()[pri:0, instance:testCases.TC_009_VerificationofProductSearch@40db2a24]" name="verify_productDetails" class="testCases.TC_009_VerificationofProductSearch"/>
        <method signature="TC_010_VerificationofSubscriptionInHomePage.verify_SubscriptioninHomePage()[pri:0, instance:testCases.TC_010_VerificationofSubscriptionInHomePage@6bca7e0d]" name="verify_SubscriptioninHomePage" class="testCases.TC_010_VerificationofSubscriptionInHomePage"/>
      </group> <!-- Regression -->
    </groups>
    <test started-at="2025-06-18T23:46:50 IST" name="Test" finished-at="2025-06-18T23:47:12 IST" duration-ms="22593">
      <class name="testCases.TC_009_VerificationofProductSearch">
        <test-method is-config="true" signature="setup(java.lang.String,java.lang.String)[pri:0, instance:testCases.TC_009_VerificationofProductSearch@40db2a24]" started-at="2025-06-18T23:46:50 IST" name="setup" finished-at="2025-06-18T23:46:56 IST" duration-ms="6512" status="PASS">
          <params>
            <param index="0">
              <value>
                <![CDATA[Windows]]>
              </value>
            </param>
            <param index="1">
              <value>
                <![CDATA[chrome]]>
              </value>
            </param>
          </params>
          <reporter-output>
          </reporter-output>
        </test-method> <!-- setup -->
        <test-method signature="verify_productDetails()[pri:0, instance:testCases.TC_009_VerificationofProductSearch@40db2a24]" started-at="2025-06-18T23:46:56 IST" name="verify_productDetails" finished-at="2025-06-18T23:47:03 IST" duration-ms="6472" status="PASS">
          <reporter-output>
          </reporter-output>
        </test-method> <!-- verify_productDetails -->
        <test-method is-config="true" signature="tearDown()[pri:0, instance:testCases.TC_009_VerificationofProductSearch@40db2a24]" started-at="2025-06-18T23:47:03 IST" name="tearDown" finished-at="2025-06-18T23:47:03 IST" duration-ms="229" status="PASS">
          <reporter-output>
          </reporter-output>
        </test-method> <!-- tearDown -->
      </class> <!-- testCases.TC_009_VerificationofProductSearch -->
      <class name="testCases.TC_010_VerificationofSubscriptionInHomePage">
        <test-method is-config="true" signature="setup(java.lang.String,java.lang.String)[pri:0, instance:testCases.TC_010_VerificationofSubscriptionInHomePage@6bca7e0d]" started-at="2025-06-18T23:47:03 IST" name="setup" finished-at="2025-06-18T23:47:09 IST" duration-ms="5595" status="PASS">
          <params>
            <param index="0">
              <value>
                <![CDATA[Windows]]>
              </value>
            </param>
            <param index="1">
              <value>
                <![CDATA[chrome]]>
              </value>
            </param>
          </params>
          <reporter-output>
          </reporter-output>
        </test-method> <!-- setup -->
        <test-method signature="verify_SubscriptioninHomePage()[pri:0, instance:testCases.TC_010_VerificationofSubscriptionInHomePage@6bca7e0d]" started-at="2025-06-18T23:47:09 IST" name="verify_SubscriptioninHomePage" finished-at="2025-06-18T23:47:12 IST" duration-ms="3359" status="PASS">
          <reporter-output>
          </reporter-output>
        </test-method> <!-- verify_SubscriptioninHomePage -->
        <test-method is-config="true" signature="tearDown()[pri:0, instance:testCases.TC_010_VerificationofSubscriptionInHomePage@6bca7e0d]" started-at="2025-06-18T23:47:12 IST" name="tearDown" finished-at="2025-06-18T23:47:12 IST" duration-ms="222" status="PASS">
          <reporter-output>
          </reporter-output>
        </test-method> <!-- tearDown -->
      </class> <!-- testCases.TC_010_VerificationofSubscriptionInHomePage -->
    </test> <!-- Test -->
  </suite> <!-- Suite -->
</testng-results>
