<?xml version="1.0" encoding="UTF-8"?>
<testng-results ignored="0" total="2" passed="2" failed="0" skipped="0">
  <reporter-output>
  </reporter-output>
  <suite started-at="2025-06-19T23:34:36 IST" name="Suite" finished-at="2025-06-19T23:34:55 IST" duration-ms="19088">
    <groups>
      <group name="Master">
        <method signature="TC_010_VerificationofSubscriptionInHomePage.verify_SubscriptioninHomePage()[pri:0, instance:testCases.TC_010_VerificationofSubscriptionInHomePage@6399551e]" name="verify_SubscriptioninHomePage" class="testCases.TC_010_VerificationofSubscriptionInHomePage"/>
        <method signature="TC_011_VerificationofSubscriptionInCartPage.verify_SubscriptioninHomePage()[pri:0, instance:testCases.TC_011_VerificationofSubscriptionInCartPage@53bd8fca]" name="verify_SubscriptioninHomePage" class="testCases.TC_011_VerificationofSubscriptionInCartPage"/>
      </group> <!-- Master -->
      <group name="Regression">
        <method signature="TC_011_VerificationofSubscriptionInCartPage.verify_SubscriptioninHomePage()[pri:0, instance:testCases.TC_011_VerificationofSubscriptionInCartPage@53bd8fca]" name="verify_SubscriptioninHomePage" class="testCases.TC_011_VerificationofSubscriptionInCartPage"/>
      </group> <!-- Regression -->
    </groups>
    <test started-at="2025-06-19T23:34:36 IST" name="Test" finished-at="2025-06-19T23:34:55 IST" duration-ms="19088">
      <class name="testCases.TC_011_VerificationofSubscriptionInCartPage">
        <test-method is-config="true" signature="setup(java.lang.String,java.lang.String)[pri:0, instance:testCases.TC_011_VerificationofSubscriptionInCartPage@53bd8fca]" started-at="2025-06-19T23:34:45 IST" name="setup" finished-at="2025-06-19T23:34:51 IST" duration-ms="5641" status="PASS">
          <params>
            <param index="0">
              <value>
                <![CDATA[Windows]]>
              </value>
            </param>
            <param index="1">
              <value>
                <![CDATA[chrome]]>
              </value>
            </param>
          </params>
          <reporter-output>
          </reporter-output>
        </test-method> <!-- setup -->
        <test-method signature="verify_SubscriptioninHomePage()[pri:0, instance:testCases.TC_011_VerificationofSubscriptionInCartPage@53bd8fca]" started-at="2025-06-19T23:34:51 IST" name="verify_SubscriptioninHomePage" finished-at="2025-06-19T23:34:55 IST" duration-ms="4102" status="PASS">
          <reporter-output>
          </reporter-output>
        </test-method> <!-- verify_SubscriptioninHomePage -->
        <test-method is-config="true" signature="tearDown()[pri:0, instance:testCases.TC_011_VerificationofSubscriptionInCartPage@53bd8fca]" started-at="2025-06-19T23:34:55 IST" name="tearDown" finished-at="2025-06-19T23:34:55 IST" duration-ms="131" status="PASS">
          <reporter-output>
          </reporter-output>
        </test-method> <!-- tearDown -->
      </class> <!-- testCases.TC_011_VerificationofSubscriptionInCartPage -->
      <class name="testCases.TC_010_VerificationofSubscriptionInHomePage">
        <test-method is-config="true" signature="setup(java.lang.String,java.lang.String)[pri:0, instance:testCases.TC_010_VerificationofSubscriptionInHomePage@6399551e]" started-at="2025-06-19T23:34:36 IST" name="setup" finished-at="2025-06-19T23:34:42 IST" duration-ms="5404" status="PASS">
          <params>
            <param index="0">
              <value>
                <![CDATA[Windows]]>
              </value>
            </param>
            <param index="1">
              <value>
                <![CDATA[chrome]]>
              </value>
            </param>
          </params>
          <reporter-output>
          </reporter-output>
        </test-method> <!-- setup -->
        <test-method signature="verify_SubscriptioninHomePage()[pri:0, instance:testCases.TC_010_VerificationofSubscriptionInHomePage@6399551e]" started-at="2025-06-19T23:34:42 IST" name="verify_SubscriptioninHomePage" finished-at="2025-06-19T23:34:45 IST" duration-ms="3335" status="PASS">
          <reporter-output>
          </reporter-output>
        </test-method> <!-- verify_SubscriptioninHomePage -->
        <test-method is-config="true" signature="tearDown()[pri:0, instance:testCases.TC_010_VerificationofSubscriptionInHomePage@6399551e]" started-at="2025-06-19T23:34:45 IST" name="tearDown" finished-at="2025-06-19T23:34:45 IST" duration-ms="262" status="PASS">
          <reporter-output>
          </reporter-output>
        </test-method> <!-- tearDown -->
      </class> <!-- testCases.TC_010_VerificationofSubscriptionInHomePage -->
    </test> <!-- Test -->
  </suite> <!-- Suite -->
</testng-results>
